android/app/build/intermediates/manifest_merge_blame_file/debug/manifest-merger-blame-debug-report.txt
1<?xml version="1.0" encoding="utf-8"?>
2<manifest xmlns:android="http://schemas.android.com/apk/res/android"
3    package="web.id.luxtradee.twa"
4    android:versionCode="2"
5    android:versionName="1.1.0" >
6
7    <uses-sdk
8        android:minSdkVersion="24"
9        android:targetSdkVersion="34" />
10
11    <!-- Permissions -->
12    <uses-permission android:name="android.permission.INTERNET" />
12-->src/main/AndroidManifest.xml:7:5-67
12-->src/main/AndroidManifest.xml:7:22-64
13    <uses-permission android:name="android.permission.ACCESS_NETWORK_STATE" />
13-->src/main/AndroidManifest.xml:8:5-79
13-->src/main/AndroidManifest.xml:8:22-76
14    <uses-permission android:name="android.permission.POST_NOTIFICATIONS" />
14-->src/main/AndroidManifest.xml:9:5-77
14-->src/main/AndroidManifest.xml:9:22-74
15    <uses-permission android:name="android.permission.RECEIVE_BOOT_COMPLETED" />
15-->src/main/AndroidManifest.xml:10:5-81
15-->src/main/AndroidManifest.xml:10:22-78
16    <uses-permission android:name="android.permission.WAKE_LOCK" />
16-->src/main/AndroidManifest.xml:11:5-68
16-->src/main/AndroidManifest.xml:11:22-65
17
18    <queries>
18-->src/main/AndroidManifest.xml:13:5-19:15
19        <package android:name="com.google.android.webview" />
19-->src/main/AndroidManifest.xml:14:9-62
19-->src/main/AndroidManifest.xml:14:18-59
20        <package android:name="com.android.chrome" />
20-->src/main/AndroidManifest.xml:15:9-54
20-->src/main/AndroidManifest.xml:15:18-51
21
22        <intent>
22-->src/main/AndroidManifest.xml:16:9-18:18
23            <action android:name="android.support.customtabs.action.CustomTabsService" />
23-->src/main/AndroidManifest.xml:17:13-90
23-->src/main/AndroidManifest.xml:17:21-87
24        </intent>
25    </queries>
26
27    <permission
27-->[androidx.core:core:1.12.0] AndroidManifest.xml:22:5-24:47
28        android:name="web.id.luxtradee.twa.DYNAMIC_RECEIVER_NOT_EXPORTED_PERMISSION"
28-->[androidx.core:core:1.12.0] AndroidManifest.xml:23:9-81
29        android:protectionLevel="signature" />
29-->[androidx.core:core:1.12.0] AndroidManifest.xml:24:9-44
30
31    <uses-permission android:name="web.id.luxtradee.twa.DYNAMIC_RECEIVER_NOT_EXPORTED_PERMISSION" />
31-->[androidx.core:core:1.12.0] AndroidManifest.xml:26:5-97
31-->[androidx.core:core:1.12.0] AndroidManifest.xml:26:22-94
32
33    <application
33-->src/main/AndroidManifest.xml:21:5-95:19
34        android:name="web.id.luxtradee.twa.LuxTradeeApp"
34-->src/main/AndroidManifest.xml:22:9-37
35        android:allowBackup="true"
35-->src/main/AndroidManifest.xml:23:9-35
36        android:appComponentFactory="androidx.core.app.CoreComponentFactory"
36-->[androidx.core:core:1.12.0] AndroidManifest.xml:28:18-86
37        android:debuggable="true"
38        android:extractNativeLibs="false"
39        android:icon="@mipmap/ic_launcher"
39-->src/main/AndroidManifest.xml:24:9-43
40        android:label="@string/app_name"
40-->src/main/AndroidManifest.xml:26:9-41
41        android:networkSecurityConfig="@xml/network_security_config"
41-->src/main/AndroidManifest.xml:30:9-69
42        android:roundIcon="@mipmap/ic_launcher_round"
42-->src/main/AndroidManifest.xml:25:9-54
43        android:supportsRtl="true"
43-->src/main/AndroidManifest.xml:27:9-35
44        android:theme="@style/Theme.LuxTradee.Splash"
44-->src/main/AndroidManifest.xml:28:9-54
45        android:usesCleartextTraffic="false" >
45-->src/main/AndroidManifest.xml:29:9-45
46
47        <!-- Main Activity - TWA with WebView fallback -->
48        <activity
48-->src/main/AndroidManifest.xml:34:9-56:20
49            android:name="web.id.luxtradee.twa.MainActivity"
49-->src/main/AndroidManifest.xml:35:13-41
50            android:configChanges="orientation|keyboardHidden|keyboard|screenSize|smallestScreenSize|density|screenLayout|uiMode"
50-->src/main/AndroidManifest.xml:38:13-130
51            android:exported="true"
51-->src/main/AndroidManifest.xml:36:13-36
52            android:launchMode="singleTask"
52-->src/main/AndroidManifest.xml:37:13-44
53            android:windowSoftInputMode="adjustResize" >
53-->src/main/AndroidManifest.xml:39:13-55
54            <intent-filter>
54-->src/main/AndroidManifest.xml:41:13-44:29
55                <action android:name="android.intent.action.MAIN" />
55-->src/main/AndroidManifest.xml:42:17-69
55-->src/main/AndroidManifest.xml:42:25-66
56
57                <category android:name="android.intent.category.LAUNCHER" />
57-->src/main/AndroidManifest.xml:43:17-77
57-->src/main/AndroidManifest.xml:43:27-74
58            </intent-filter>
59            <intent-filter android:autoVerify="true" >
59-->src/main/AndroidManifest.xml:46:13-51:29
59-->src/main/AndroidManifest.xml:46:28-53
60                <action android:name="android.intent.action.VIEW" />
60-->src/main/AndroidManifest.xml:47:17-69
60-->src/main/AndroidManifest.xml:47:25-66
61
62                <category android:name="android.intent.category.DEFAULT" />
62-->src/main/AndroidManifest.xml:48:17-76
62-->src/main/AndroidManifest.xml:48:27-73
63                <category android:name="android.intent.category.BROWSABLE" />
63-->src/main/AndroidManifest.xml:49:17-78
63-->src/main/AndroidManifest.xml:49:27-75
64
65                <data
65-->src/main/AndroidManifest.xml:50:17-77
66                    android:host="luxtradee.com"
66-->src/main/AndroidManifest.xml:50:46-74
67                    android:scheme="https" />
67-->src/main/AndroidManifest.xml:50:23-45
68            </intent-filter>
69
70            <meta-data
70-->src/main/AndroidManifest.xml:53:13-55:53
71                android:name="android.app.shortcuts"
71-->src/main/AndroidManifest.xml:54:17-53
72                android:resource="@xml/shortcuts" />
72-->src/main/AndroidManifest.xml:55:17-50
73        </activity>
74
75        <!-- Settings Activity -->
76        <activity
76-->src/main/AndroidManifest.xml:59:9-64:54
77            android:name="web.id.luxtradee.twa.SettingsActivity"
77-->src/main/AndroidManifest.xml:60:13-45
78            android:exported="false"
78-->src/main/AndroidManifest.xml:61:13-37
79            android:label="@string/settings_title"
79-->src/main/AndroidManifest.xml:62:13-51
80            android:parentActivityName="web.id.luxtradee.twa.MainActivity"
80-->src/main/AndroidManifest.xml:63:13-55
81            android:theme="@style/Theme.LuxTradee" />
81-->src/main/AndroidManifest.xml:64:13-51
82
83        <!-- Deep Link Handler -->
84        <activity
84-->src/main/AndroidManifest.xml:67:9-79:20
85            android:name="web.id.luxtradee.twa.DeeplinkActivity"
85-->src/main/AndroidManifest.xml:68:13-45
86            android:exported="true"
86-->src/main/AndroidManifest.xml:69:13-36
87            android:launchMode="singleTop"
87-->src/main/AndroidManifest.xml:70:13-43
88            android:theme="@android:style/Theme.Translucent.NoTitleBar" >
88-->src/main/AndroidManifest.xml:71:13-72
89            <intent-filter android:autoVerify="true" >
89-->src/main/AndroidManifest.xml:73:13-78:29
89-->src/main/AndroidManifest.xml:73:28-53
90                <action android:name="android.intent.action.VIEW" />
90-->src/main/AndroidManifest.xml:47:17-69
90-->src/main/AndroidManifest.xml:47:25-66
91
92                <category android:name="android.intent.category.DEFAULT" />
92-->src/main/AndroidManifest.xml:48:17-76
92-->src/main/AndroidManifest.xml:48:27-73
93                <category android:name="android.intent.category.BROWSABLE" />
93-->src/main/AndroidManifest.xml:49:17-78
93-->src/main/AndroidManifest.xml:49:27-75
94
95                <data
95-->src/main/AndroidManifest.xml:50:17-77
96                    android:host="luxtradee.com"
96-->src/main/AndroidManifest.xml:50:46-74
97                    android:pathPrefix="/dashboard"
97-->src/main/AndroidManifest.xml:77:75-106
98                    android:scheme="https" />
98-->src/main/AndroidManifest.xml:50:23-45
99            </intent-filter>
100        </activity>
101
102        <!-- Push Notification Receiver (works with Web Push via SW) -->
103        <receiver
103-->src/main/AndroidManifest.xml:82:9-88:20
104            android:name="web.id.luxtradee.twa.push.PushNotificationReceiver"
104-->src/main/AndroidManifest.xml:83:13-58
105            android:exported="false" >
105-->src/main/AndroidManifest.xml:84:13-37
106            <intent-filter>
106-->src/main/AndroidManifest.xml:85:13-87:29
107                <action android:name="web.id.luxtradee.twa.SHOW_NOTIFICATION" />
107-->src/main/AndroidManifest.xml:86:17-81
107-->src/main/AndroidManifest.xml:86:25-78
108            </intent-filter>
109        </receiver>
110
111        <!-- Custom Tabs Service connection -->
112        <meta-data
112-->src/main/AndroidManifest.xml:91:9-93:36
113            android:name="android.webkit.WebView.MetricsOptOut"
113-->src/main/AndroidManifest.xml:92:13-64
114            android:value="true" />
114-->src/main/AndroidManifest.xml:93:13-33
115
116        <provider
116-->[androidx.emoji2:emoji2:1.2.0] AndroidManifest.xml:24:9-32:20
117            android:name="androidx.startup.InitializationProvider"
117-->[androidx.emoji2:emoji2:1.2.0] AndroidManifest.xml:25:13-67
118            android:authorities="web.id.luxtradee.twa.androidx-startup"
118-->[androidx.emoji2:emoji2:1.2.0] AndroidManifest.xml:26:13-68
119            android:exported="false" >
119-->[androidx.emoji2:emoji2:1.2.0] AndroidManifest.xml:27:13-37
120            <meta-data
120-->[androidx.emoji2:emoji2:1.2.0] AndroidManifest.xml:29:13-31:52
121                android:name="androidx.emoji2.text.EmojiCompatInitializer"
121-->[androidx.emoji2:emoji2:1.2.0] AndroidManifest.xml:30:17-75
122                android:value="androidx.startup" />
122-->[androidx.emoji2:emoji2:1.2.0] AndroidManifest.xml:31:17-49
123            <meta-data
123-->[androidx.lifecycle:lifecycle-process:2.6.1] AndroidManifest.xml:29:13-31:52
124                android:name="androidx.lifecycle.ProcessLifecycleInitializer"
124-->[androidx.lifecycle:lifecycle-process:2.6.1] AndroidManifest.xml:30:17-78
125                android:value="androidx.startup" />
125-->[androidx.lifecycle:lifecycle-process:2.6.1] AndroidManifest.xml:31:17-49
126            <meta-data
126-->[androidx.profileinstaller:profileinstaller:1.3.0] AndroidManifest.xml:29:13-31:52
127                android:name="androidx.profileinstaller.ProfileInstallerInitializer"
127-->[androidx.profileinstaller:profileinstaller:1.3.0] AndroidManifest.xml:30:17-85
128                android:value="androidx.startup" />
128-->[androidx.profileinstaller:profileinstaller:1.3.0] AndroidManifest.xml:31:17-49
129        </provider>
130
131        <receiver
131-->[androidx.profileinstaller:profileinstaller:1.3.0] AndroidManifest.xml:34:9-52:20
132            android:name="androidx.profileinstaller.ProfileInstallReceiver"
132-->[androidx.profileinstaller:profileinstaller:1.3.0] AndroidManifest.xml:35:13-76
133            android:directBootAware="false"
133-->[androidx.profileinstaller:profileinstaller:1.3.0] AndroidManifest.xml:36:13-44
134            android:enabled="true"
134-->[androidx.profileinstaller:profileinstaller:1.3.0] AndroidManifest.xml:37:13-35
135            android:exported="true"
135-->[androidx.profileinstaller:profileinstaller:1.3.0] AndroidManifest.xml:38:13-36
136            android:permission="android.permission.DUMP" >
136-->[androidx.profileinstaller:profileinstaller:1.3.0] AndroidManifest.xml:39:13-57
137            <intent-filter>
137-->[androidx.profileinstaller:profileinstaller:1.3.0] AndroidManifest.xml:40:13-42:29
138                <action android:name="androidx.profileinstaller.action.INSTALL_PROFILE" />
138-->[androidx.profileinstaller:profileinstaller:1.3.0] AndroidManifest.xml:41:17-91
138-->[androidx.profileinstaller:profileinstaller:1.3.0] AndroidManifest.xml:41:25-88
139            </intent-filter>
140            <intent-filter>
140-->[androidx.profileinstaller:profileinstaller:1.3.0] AndroidManifest.xml:43:13-45:29
141                <action android:name="androidx.profileinstaller.action.SKIP_FILE" />
141-->[androidx.profileinstaller:profileinstaller:1.3.0] AndroidManifest.xml:44:17-85
141-->[androidx.profileinstaller:profileinstaller:1.3.0] AndroidManifest.xml:44:25-82
142            </intent-filter>
143            <intent-filter>
143-->[androidx.profileinstaller:profileinstaller:1.3.0] AndroidManifest.xml:46:13-48:29
144                <action android:name="androidx.profileinstaller.action.SAVE_PROFILE" />
144-->[androidx.profileinstaller:profileinstaller:1.3.0] AndroidManifest.xml:47:17-88
144-->[androidx.profileinstaller:profileinstaller:1.3.0] AndroidManifest.xml:47:25-85
145            </intent-filter>
146            <intent-filter>
146-->[androidx.profileinstaller:profileinstaller:1.3.0] AndroidManifest.xml:49:13-51:29
147                <action android:name="androidx.profileinstaller.action.BENCHMARK_OPERATION" />
147-->[androidx.profileinstaller:profileinstaller:1.3.0] AndroidManifest.xml:50:17-95
147-->[androidx.profileinstaller:profileinstaller:1.3.0] AndroidManifest.xml:50:25-92
148            </intent-filter>
149        </receiver>
150    </application>
151
152</manifest>